This file contains any messages produced by compilers while
running configure, to aid debugging if configure makes a mistake.

It was created by configure, which was
generated by GNU Autoconf 2.69.  Invocation command line was

  $ ./configure --with-acs --with-ecos --with-oasys=./oasys_source --disable-ecl --disable-edp --enable-bid64bit --with-ltpudp --with-odbc=no --with-extra-cflags=-O0 -ggdb3 --with-extra-cxxflags=-std=c++11 -O0 -ggdb3

## --------- ##
## Platform. ##
## --------- ##

hostname = pdsmdv01
uname -m = x86_64
uname -r = 3.10.0-862.el7.x86_64
uname -s = Linux
uname -v = #1 SMP Wed Mar 21 18:14:51 EDT 2018

/usr/bin/uname -p = x86_64
/bin/uname -X     = unknown

/bin/arch              = x86_64
/usr/bin/arch -k       = unknown
/usr/convex/getsysinfo = unknown
/usr/bin/hostinfo      = unknown
/bin/machine           = unknown
/usr/bin/oslevel       = unknown
/bin/universe          = unknown

PATH: ./
PATH: /pdss/usr/pdssall0/bin
PATH: /usr/local/java/latest/bin
PATH: /usr/lib64/qt-3.3/bin
PATH: /usr/local/bin
PATH: /usr/bin
PATH: /usr/local/sbin
PATH: /usr/sbin
PATH: /opt/dell/srvadmin/bin
PATH: /sbin
PATH: /usr/sbin
PATH: /pdss/software_versions/current/tools/bin
PATH: /pdss/usr/pdssall0/bin/eclipse
PATH: /pdss/usr/pdssall0/.local/bin
PATH: /pdss/usr/pdssall0/bin


## ----------- ##
## Core tests. ##
## ----------- ##

configure:2446: checking location of source directory
configure:2449: result: "/data04/DTN/DTNME_Copy/dtnme"
configure:2454: checking location of build directory
configure:2456: result: "/data04/DTN/DTNME_Copy/dtnme"
configure:2545: checking for gcc
configure:2561: found /usr/bin/gcc
configure:2572: result: gcc
configure:2801: checking for C compiler version
configure:2810: gcc --version >&5
gcc (GCC) 4.8.5 20150623 (Red Hat 4.8.5-28)
Copyright (C) 2015 Free Software Foundation, Inc.
This is free software; see the source for copying conditions.  There is NO
warranty; not even for MERCHANTABILITY or FITNESS FOR A PARTICULAR PURPOSE.

configure:2821: $? = 0
configure:2810: gcc -v >&5
Using built-in specs.
COLLECT_GCC=gcc
COLLECT_LTO_WRAPPER=/usr/libexec/gcc/x86_64-redhat-linux/4.8.5/lto-wrapper
Target: x86_64-redhat-linux
Configured with: ../configure --prefix=/usr --mandir=/usr/share/man --infodir=/usr/share/info --with-bugurl=http://bugzilla.redhat.com/bugzilla --enable-bootstrap --enable-shared --enable-threads=posix --enable-checking=release --with-system-zlib --enable-__cxa_atexit --disable-libunwind-exceptions --enable-gnu-unique-object --enable-linker-build-id --with-linker-hash-style=gnu --enable-languages=c,c++,objc,obj-c++,java,fortran,ada,go,lto --enable-plugin --enable-initfini-array --disable-libgcj --with-isl=/builddir/build/BUILD/gcc-4.8.5-20150702/obj-x86_64-redhat-linux/isl-install --with-cloog=/builddir/build/BUILD/gcc-4.8.5-20150702/obj-x86_64-redhat-linux/cloog-install --enable-gnu-indirect-function --with-tune=generic --with-arch_32=x86-64 --build=x86_64-redhat-linux
Thread model: posix
gcc version 4.8.5 20150623 (Red Hat 4.8.5-28) (GCC) 
configure:2821: $? = 0
configure:2810: gcc -V >&5
gcc: error: unrecognized command line option '-V'
gcc: fatal error: no input files
compilation terminated.
configure:2821: $? = 4
configure:2810: gcc -qversion >&5
gcc: error: unrecognized command line option '-qversion'
gcc: fatal error: no input files
compilation terminated.
configure:2821: $? = 4
configure:2841: checking whether the C compiler works
configure:2863: gcc    conftest.c  >&5
configure:2867: $? = 0
configure:2915: result: yes
configure:2918: checking for C compiler default output file name
configure:2920: result: a.out
configure:2926: checking for suffix of executables
configure:2933: gcc -o conftest    conftest.c  >&5
configure:2937: $? = 0
configure:2959: result: 
configure:2981: checking whether we are cross compiling
configure:2989: gcc -o conftest    conftest.c  >&5
configure:2993: $? = 0
configure:3000: ./conftest
configure:3004: $? = 0
configure:3019: result: no
configure:3024: checking for suffix of object files
configure:3046: gcc -c   conftest.c >&5
configure:3050: $? = 0
configure:3071: result: o
configure:3075: checking whether we are using the GNU C compiler
configure:3094: gcc -c   conftest.c >&5
configure:3094: $? = 0
configure:3103: result: yes
configure:3112: checking whether gcc accepts -g
configure:3132: gcc -c -g  conftest.c >&5
configure:3132: $? = 0
configure:3173: result: yes
configure:3190: checking for gcc option to accept ISO C89
configure:3253: gcc  -c -g -O2  conftest.c >&5
configure:3253: $? = 0
configure:3266: result: none needed
configure:3304: checking for an oasys installation (version 1.5 or better)
configure:3513: gcc -o conftest -g -O2 -I/data04/DTN/DTNME_Copy/dtnme/oasys/include   /data04/DTN/DTNME_Copy/dtnme/oasys/lib/liboasys-1.6.msfc20200224.a conftest.c  >&5
configure:3513: $? = 0
configure:3515: result: ./oasys_source
configure:3654: checking how to run the C preprocessor
configure:3685: gcc -E  conftest.c
configure:3685: $? = 0
configure:3699: gcc -E  conftest.c
conftest.c:12:28: fatal error: ac_nonexistent.h: No such file or directory
 #include <ac_nonexistent.h>
                            ^
compilation terminated.
configure:3699: $? = 1
configure: failed program was:
| /* confdefs.h */
| #define PACKAGE_NAME ""
| #define PACKAGE_TARNAME ""
| #define PACKAGE_VERSION ""
| #define PACKAGE_STRING ""
| #define PACKAGE_BUGREPORT ""
| #define PACKAGE_URL ""
| #define DTN_CONFIG_STATE 1
| #define INSTALL_SYSCONFDIR "/etc"
| #define INSTALL_LOCALSTATEDIR "/var"
| /* end confdefs.h.  */
| #include <ac_nonexistent.h>
configure:3724: result: gcc -E
configure:3744: gcc -E  conftest.c
configure:3744: $? = 0
configure:3758: gcc -E  conftest.c
conftest.c:12:28: fatal error: ac_nonexistent.h: No such file or directory
 #include <ac_nonexistent.h>
                            ^
compilation terminated.
configure:3758: $? = 1
configure: failed program was:
| /* confdefs.h */
| #define PACKAGE_NAME ""
| #define PACKAGE_TARNAME ""
| #define PACKAGE_VERSION ""
| #define PACKAGE_STRING ""
| #define PACKAGE_BUGREPORT ""
| #define PACKAGE_URL ""
| #define DTN_CONFIG_STATE 1
| #define INSTALL_SYSCONFDIR "/etc"
| #define INSTALL_LOCALSTATEDIR "/var"
| /* end confdefs.h.  */
| #include <ac_nonexistent.h>
configure:3787: checking for grep that handles long lines and -e
configure:3845: result: /usr/bin/grep
configure:3850: checking for egrep
configure:3912: result: /usr/bin/grep -E
configure:3917: checking for ANSI C header files
configure:3937: gcc -c -g -O2  conftest.c >&5
configure:3937: $? = 0
configure:4010: gcc -o conftest -g -O2   conftest.c  >&5
configure:4010: $? = 0
configure:4010: ./conftest
configure:4010: $? = 0
configure:4021: result: yes
configure:4034: checking for sys/types.h
configure:4034: gcc -c -g -O2  conftest.c >&5
configure:4034: $? = 0
configure:4034: result: yes
configure:4034: checking for sys/stat.h
configure:4034: gcc -c -g -O2  conftest.c >&5
configure:4034: $? = 0
configure:4034: result: yes
configure:4034: checking for stdlib.h
configure:4034: gcc -c -g -O2  conftest.c >&5
configure:4034: $? = 0
configure:4034: result: yes
configure:4034: checking for string.h
configure:4034: gcc -c -g -O2  conftest.c >&5
configure:4034: $? = 0
configure:4034: result: yes
configure:4034: checking for memory.h
configure:4034: gcc -c -g -O2  conftest.c >&5
configure:4034: $? = 0
configure:4034: result: yes
configure:4034: checking for strings.h
configure:4034: gcc -c -g -O2  conftest.c >&5
configure:4034: $? = 0
configure:4034: result: yes
configure:4034: checking for inttypes.h
configure:4034: gcc -c -g -O2  conftest.c >&5
configure:4034: $? = 0
configure:4034: result: yes
configure:4034: checking for stdint.h
configure:4034: gcc -c -g -O2  conftest.c >&5
configure:4034: $? = 0
configure:4034: result: yes
configure:4034: checking for unistd.h
configure:4034: gcc -c -g -O2  conftest.c >&5
configure:4034: $? = 0
configure:4034: result: yes
configure:4060: checking whether bonjour support should be enabled
configure:4069: result: try
configure:4081: checking searching for the bonjour library development headers
configure:4085: checking dns_sd.h usability
configure:4085: gcc -c   conftest.c >&5
conftest.c:55:20: fatal error: dns_sd.h: No such file or directory
 #include <dns_sd.h>
                    ^
compilation terminated.
configure:4085: $? = 1
configure: failed program was:
| /* confdefs.h */
| #define PACKAGE_NAME ""
| #define PACKAGE_TARNAME ""
| #define PACKAGE_VERSION ""
| #define PACKAGE_STRING ""
| #define PACKAGE_BUGREPORT ""
| #define PACKAGE_URL ""
| #define DTN_CONFIG_STATE 1
| #define INSTALL_SYSCONFDIR "/etc"
| #define INSTALL_LOCALSTATEDIR "/var"
| #define STDC_HEADERS 1
| #define HAVE_SYS_TYPES_H 1
| #define HAVE_SYS_STAT_H 1
| #define HAVE_STDLIB_H 1
| #define HAVE_STRING_H 1
| #define HAVE_MEMORY_H 1
| #define HAVE_STRINGS_H 1
| #define HAVE_INTTYPES_H 1
| #define HAVE_STDINT_H 1
| #define HAVE_UNISTD_H 1
| /* end confdefs.h.  */
| #include <stdio.h>
| #ifdef HAVE_SYS_TYPES_H
| # include <sys/types.h>
| #endif
| #ifdef HAVE_SYS_STAT_H
| # include <sys/stat.h>
| #endif
| #ifdef STDC_HEADERS
| # include <stdlib.h>
| # include <stddef.h>
| #else
| # ifdef HAVE_STDLIB_H
| #  include <stdlib.h>
| # endif
| #endif
| #ifdef HAVE_STRING_H
| # if !defined STDC_HEADERS && defined HAVE_MEMORY_H
| #  include <memory.h>
| # endif
| # include <string.h>
| #endif
| #ifdef HAVE_STRINGS_H
| # include <strings.h>
| #endif
| #ifdef HAVE_INTTYPES_H
| # include <inttypes.h>
| #endif
| #ifdef HAVE_STDINT_H
| # include <stdint.h>
| #endif
| #ifdef HAVE_UNISTD_H
| # include <unistd.h>
| #endif
| #include <dns_sd.h>
configure:4085: result: no
configure:4085: checking dns_sd.h presence
configure:4085: gcc -E  conftest.c
conftest.c:22:20: fatal error: dns_sd.h: No such file or directory
 #include <dns_sd.h>
                    ^
compilation terminated.
configure:4085: $? = 1
configure: failed program was:
| /* confdefs.h */
| #define PACKAGE_NAME ""
| #define PACKAGE_TARNAME ""
| #define PACKAGE_VERSION ""
| #define PACKAGE_STRING ""
| #define PACKAGE_BUGREPORT ""
| #define PACKAGE_URL ""
| #define DTN_CONFIG_STATE 1
| #define INSTALL_SYSCONFDIR "/etc"
| #define INSTALL_LOCALSTATEDIR "/var"
| #define STDC_HEADERS 1
| #define HAVE_SYS_TYPES_H 1
| #define HAVE_SYS_STAT_H 1
| #define HAVE_STDLIB_H 1
| #define HAVE_STRING_H 1
| #define HAVE_MEMORY_H 1
| #define HAVE_STRINGS_H 1
| #define HAVE_INTTYPES_H 1
| #define HAVE_STDINT_H 1
| #define HAVE_UNISTD_H 1
| /* end confdefs.h.  */
| #include <dns_sd.h>
configure:4085: result: no
configure:4085: checking for dns_sd.h
configure:4085: result: no
configure:4092: result: bonjour header not found
configure:4098: checking for library containing DNSServiceRegister
configure:4129: gcc -o conftest    conftest.c  >&5
/tmp/ccPznfc8.o: In function `main':
conftest.c:(.text+0xa): undefined reference to `DNSServiceRegister'
collect2: error: ld returned 1 exit status
configure:4129: $? = 1
configure: failed program was:
| /* confdefs.h */
| #define PACKAGE_NAME ""
| #define PACKAGE_TARNAME ""
| #define PACKAGE_VERSION ""
| #define PACKAGE_STRING ""
| #define PACKAGE_BUGREPORT ""
| #define PACKAGE_URL ""
| #define DTN_CONFIG_STATE 1
| #define INSTALL_SYSCONFDIR "/etc"
| #define INSTALL_LOCALSTATEDIR "/var"
| #define STDC_HEADERS 1
| #define HAVE_SYS_TYPES_H 1
| #define HAVE_SYS_STAT_H 1
| #define HAVE_STDLIB_H 1
| #define HAVE_STRING_H 1
| #define HAVE_MEMORY_H 1
| #define HAVE_STRINGS_H 1
| #define HAVE_INTTYPES_H 1
| #define HAVE_STDINT_H 1
| #define HAVE_UNISTD_H 1
| /* end confdefs.h.  */
| 
| /* Override any GCC internal prototype to avoid an error.
|    Use char because int might match the return type of a GCC
|    builtin and then its argument prototype would still apply.  */
| #ifdef __cplusplus
| extern "C"
| #endif
| char DNSServiceRegister ();
| int
| main ()
| {
| return DNSServiceRegister ();
|   ;
|   return 0;
| }
configure:4129: gcc -o conftest    conftest.c -ldns_sd   >&5
/usr/bin/ld: cannot find -ldns_sd
collect2: error: ld returned 1 exit status
configure:4129: $? = 1
configure: failed program was:
| /* confdefs.h */
| #define PACKAGE_NAME ""
| #define PACKAGE_TARNAME ""
| #define PACKAGE_VERSION ""
| #define PACKAGE_STRING ""
| #define PACKAGE_BUGREPORT ""
| #define PACKAGE_URL ""
| #define DTN_CONFIG_STATE 1
| #define INSTALL_SYSCONFDIR "/etc"
| #define INSTALL_LOCALSTATEDIR "/var"
| #define STDC_HEADERS 1
| #define HAVE_SYS_TYPES_H 1
| #define HAVE_SYS_STAT_H 1
| #define HAVE_STDLIB_H 1
| #define HAVE_STRING_H 1
| #define HAVE_MEMORY_H 1
| #define HAVE_STRINGS_H 1
| #define HAVE_INTTYPES_H 1
| #define HAVE_STDINT_H 1
| #define HAVE_UNISTD_H 1
| /* end confdefs.h.  */
| 
| /* Override any GCC internal prototype to avoid an error.
|    Use char because int might match the return type of a GCC
|    builtin and then its argument prototype would still apply.  */
| #ifdef __cplusplus
| extern "C"
| #endif
| char DNSServiceRegister ();
| int
| main ()
| {
| return DNSServiceRegister ();
|   ;
|   return 0;
| }
configure:4146: result: no
configure:4153: result: function not found in bonjour library
configure:4175: checking whether bonjour support was found
configure:4185: result: no
configure:4220: checking whether to enable external convergence layer support
configure:4223: result: no
configure:4293: checking whether to enable external decision plane support
configure:4296: result: no
configure:4416: checking for g++
configure:4432: found /usr/bin/g++
configure:4443: result: g++
configure:4470: checking for C++ compiler version
configure:4479: g++ --version >&5
g++ (GCC) 4.8.5 20150623 (Red Hat 4.8.5-28)
Copyright (C) 2015 Free Software Foundation, Inc.
This is free software; see the source for copying conditions.  There is NO
warranty; not even for MERCHANTABILITY or FITNESS FOR A PARTICULAR PURPOSE.

configure:4490: $? = 0
configure:4479: g++ -v >&5
Using built-in specs.
COLLECT_GCC=g++
COLLECT_LTO_WRAPPER=/usr/libexec/gcc/x86_64-redhat-linux/4.8.5/lto-wrapper
Target: x86_64-redhat-linux
Configured with: ../configure --prefix=/usr --mandir=/usr/share/man --infodir=/usr/share/info --with-bugurl=http://bugzilla.redhat.com/bugzilla --enable-bootstrap --enable-shared --enable-threads=posix --enable-checking=release --with-system-zlib --enable-__cxa_atexit --disable-libunwind-exceptions --enable-gnu-unique-object --enable-linker-build-id --with-linker-hash-style=gnu --enable-languages=c,c++,objc,obj-c++,java,fortran,ada,go,lto --enable-plugin --enable-initfini-array --disable-libgcj --with-isl=/builddir/build/BUILD/gcc-4.8.5-20150702/obj-x86_64-redhat-linux/isl-install --with-cloog=/builddir/build/BUILD/gcc-4.8.5-20150702/obj-x86_64-redhat-linux/cloog-install --enable-gnu-indirect-function --with-tune=generic --with-arch_32=x86-64 --build=x86_64-redhat-linux
Thread model: posix
gcc version 4.8.5 20150623 (Red Hat 4.8.5-28) (GCC) 
configure:4490: $? = 0
configure:4479: g++ -V >&5
g++: error: unrecognized command line option '-V'
g++: fatal error: no input files
compilation terminated.
configure:4490: $? = 4
configure:4479: g++ -qversion >&5
g++: error: unrecognized command line option '-qversion'
g++: fatal error: no input files
compilation terminated.
configure:4490: $? = 4
configure:4494: checking whether we are using the GNU C++ compiler
configure:4513: g++ -c   conftest.cpp >&5
configure:4513: $? = 0
configure:4522: result: yes
configure:4531: checking whether g++ accepts -g
configure:4551: g++ -c -g  conftest.cpp >&5
configure:4551: $? = 0
configure:4592: result: yes
configure:4627: checking whether to enable NORM convergence layer support
configure:4631: result: no
configure:4738: checking whether to enable LTP convergence layer support
configure:4742: result: no
configure:4875: checking for --enable-scriptapis
configure:4887: result: no
configure:4904: checking whether odbc support should be enabled (needs ODBC version >= 3.51)
configure:4908: result: no
configure:5137: checking how to run the C++ preprocessor
configure:5164: g++ -E  conftest.cpp
configure:5164: $? = 0
configure:5178: g++ -E  conftest.cpp
conftest.cpp:23:28: fatal error: ac_nonexistent.h: No such file or directory
 #include <ac_nonexistent.h>
                            ^
compilation terminated.
configure:5178: $? = 1
configure: failed program was:
| /* confdefs.h */
| #define PACKAGE_NAME ""
| #define PACKAGE_TARNAME ""
| #define PACKAGE_VERSION ""
| #define PACKAGE_STRING ""
| #define PACKAGE_BUGREPORT ""
| #define PACKAGE_URL ""
| #define DTN_CONFIG_STATE 1
| #define INSTALL_SYSCONFDIR "/etc"
| #define INSTALL_LOCALSTATEDIR "/var"
| #define STDC_HEADERS 1
| #define HAVE_SYS_TYPES_H 1
| #define HAVE_SYS_STAT_H 1
| #define HAVE_STDLIB_H 1
| #define HAVE_STRING_H 1
| #define HAVE_MEMORY_H 1
| #define HAVE_STRINGS_H 1
| #define HAVE_INTTYPES_H 1
| #define HAVE_STDINT_H 1
| #define HAVE_UNISTD_H 1
| #define LTPUDP_ENABLED 1
| /* end confdefs.h.  */
| #include <ac_nonexistent.h>
configure:5203: result: g++ -E
configure:5223: g++ -E  conftest.cpp
configure:5223: $? = 0
configure:5237: g++ -E  conftest.cpp
conftest.cpp:23:28: fatal error: ac_nonexistent.h: No such file or directory
 #include <ac_nonexistent.h>
                            ^
compilation terminated.
configure:5237: $? = 1
configure: failed program was:
| /* confdefs.h */
| #define PACKAGE_NAME ""
| #define PACKAGE_TARNAME ""
| #define PACKAGE_VERSION ""
| #define PACKAGE_STRING ""
| #define PACKAGE_BUGREPORT ""
| #define PACKAGE_URL ""
| #define DTN_CONFIG_STATE 1
| #define INSTALL_SYSCONFDIR "/etc"
| #define INSTALL_LOCALSTATEDIR "/var"
| #define STDC_HEADERS 1
| #define HAVE_SYS_TYPES_H 1
| #define HAVE_SYS_STAT_H 1
| #define HAVE_STDLIB_H 1
| #define HAVE_STRING_H 1
| #define HAVE_MEMORY_H 1
| #define HAVE_STRINGS_H 1
| #define HAVE_INTTYPES_H 1
| #define HAVE_STDINT_H 1
| #define HAVE_UNISTD_H 1
| #define LTPUDP_ENABLED 1
| /* end confdefs.h.  */
| #include <ac_nonexistent.h>
configure:5522: checking whether to enable 64bit Bundle ID
configure:5559: result: yes
configure:5715: checking for a C compiler (trying gcc)
configure:5717: result: 
configure:5831: checking for C compiler version
configure:5840: gcc --version >&5
gcc (GCC) 4.8.5 20150623 (Red Hat 4.8.5-28)
Copyright (C) 2015 Free Software Foundation, Inc.
This is free software; see the source for copying conditions.  There is NO
warranty; not even for MERCHANTABILITY or FITNESS FOR A PARTICULAR PURPOSE.

configure:5851: $? = 0
configure:5840: gcc -v >&5
Using built-in specs.
COLLECT_GCC=gcc
COLLECT_LTO_WRAPPER=/usr/libexec/gcc/x86_64-redhat-linux/4.8.5/lto-wrapper
Target: x86_64-redhat-linux
Configured with: ../configure --prefix=/usr --mandir=/usr/share/man --infodir=/usr/share/info --with-bugurl=http://bugzilla.redhat.com/bugzilla --enable-bootstrap --enable-shared --enable-threads=posix --enable-checking=release --with-system-zlib --enable-__cxa_atexit --disable-libunwind-exceptions --enable-gnu-unique-object --enable-linker-build-id --with-linker-hash-style=gnu --enable-languages=c,c++,objc,obj-c++,java,fortran,ada,go,lto --enable-plugin --enable-initfini-array --disable-libgcj --with-isl=/builddir/build/BUILD/gcc-4.8.5-20150702/obj-x86_64-redhat-linux/isl-install --with-cloog=/builddir/build/BUILD/gcc-4.8.5-20150702/obj-x86_64-redhat-linux/cloog-install --enable-gnu-indirect-function --with-tune=generic --with-arch_32=x86-64 --build=x86_64-redhat-linux
Thread model: posix
gcc version 4.8.5 20150623 (Red Hat 4.8.5-28) (GCC) 
configure:5851: $? = 0
configure:5840: gcc -V >&5
gcc: error: unrecognized command line option '-V'
gcc: fatal error: no input files
compilation terminated.
configure:5851: $? = 4
configure:5840: gcc -qversion >&5
gcc: error: unrecognized command line option '-qversion'
gcc: fatal error: no input files
compilation terminated.
configure:5851: $? = 4
configure:5855: checking whether we are using the GNU C compiler
configure:5883: result: yes
configure:5892: checking whether gcc accepts -g
configure:5953: result: yes
configure:5970: checking for gcc option to accept ISO C89
configure:6046: result: none needed
configure:6067: checking for a C++ compiler (trying g++)
configure:6069: result: 
configure:6183: checking for C++ compiler version
configure:6192: g++ --version >&5
g++ (GCC) 4.8.5 20150623 (Red Hat 4.8.5-28)
Copyright (C) 2015 Free Software Foundation, Inc.
This is free software; see the source for copying conditions.  There is NO
warranty; not even for MERCHANTABILITY or FITNESS FOR A PARTICULAR PURPOSE.

configure:6203: $? = 0
configure:6192: g++ -v >&5
Using built-in specs.
COLLECT_GCC=g++
COLLECT_LTO_WRAPPER=/usr/libexec/gcc/x86_64-redhat-linux/4.8.5/lto-wrapper
Target: x86_64-redhat-linux
Configured with: ../configure --prefix=/usr --mandir=/usr/share/man --infodir=/usr/share/info --with-bugurl=http://bugzilla.redhat.com/bugzilla --enable-bootstrap --enable-shared --enable-threads=posix --enable-checking=release --with-system-zlib --enable-__cxa_atexit --disable-libunwind-exceptions --enable-gnu-unique-object --enable-linker-build-id --with-linker-hash-style=gnu --enable-languages=c,c++,objc,obj-c++,java,fortran,ada,go,lto --enable-plugin --enable-initfini-array --disable-libgcj --with-isl=/builddir/build/BUILD/gcc-4.8.5-20150702/obj-x86_64-redhat-linux/isl-install --with-cloog=/builddir/build/BUILD/gcc-4.8.5-20150702/obj-x86_64-redhat-linux/cloog-install --enable-gnu-indirect-function --with-tune=generic --with-arch_32=x86-64 --build=x86_64-redhat-linux
Thread model: posix
gcc version 4.8.5 20150623 (Red Hat 4.8.5-28) (GCC) 
configure:6203: $? = 0
configure:6192: g++ -V >&5
g++: error: unrecognized command line option '-V'
g++: fatal error: no input files
compilation terminated.
configure:6203: $? = 4
configure:6192: g++ -qversion >&5
g++: error: unrecognized command line option '-qversion'
g++: fatal error: no input files
compilation terminated.
configure:6203: $? = 4
configure:6207: checking whether we are using the GNU C++ compiler
configure:6235: result: yes
configure:6244: checking whether g++ accepts -g
configure:6305: result: yes
configure:6329: checking whether the C++ compiler works
configure:6348: g++ -o conftest -g -O2   conftest.cpp  >&5
configure:6348: $? = 0
configure:6349: result: yes
configure:6373: checking how to run the C preprocessor
configure:6443: result: gcc -E
configure:6463: gcc -E  conftest.c
configure:6463: $? = 0
configure:6477: gcc -E  conftest.c
conftest.c:30:28: fatal error: ac_nonexistent.h: No such file or directory
 #include <ac_nonexistent.h>
                            ^
compilation terminated.
configure:6477: $? = 1
configure: failed program was:
| /* confdefs.h */
| #define PACKAGE_NAME ""
| #define PACKAGE_TARNAME ""
| #define PACKAGE_VERSION ""
| #define PACKAGE_STRING ""
| #define PACKAGE_BUGREPORT ""
| #define PACKAGE_URL ""
| #define DTN_CONFIG_STATE 1
| #define INSTALL_SYSCONFDIR "/etc"
| #define INSTALL_LOCALSTATEDIR "/var"
| #define STDC_HEADERS 1
| #define HAVE_SYS_TYPES_H 1
| #define HAVE_SYS_STAT_H 1
| #define HAVE_STDLIB_H 1
| #define HAVE_STRING_H 1
| #define HAVE_MEMORY_H 1
| #define HAVE_STRINGS_H 1
| #define HAVE_INTTYPES_H 1
| #define HAVE_STDINT_H 1
| #define HAVE_UNISTD_H 1
| #define LTPUDP_ENABLED 1
| #define ACS_ENABLED 1
| #define BUNDLEID_SIZE 64
| #define bundleid_t u_int64_t
| #define BUNDLE_ID_MAX __UINT64_C(0xffffffffffffffff)
| #define BUNDLE_ID_MAX64 BUNDLE_ID_MAX
| #define PRIbid PRIu64
| #define ECOS_ENABLED 1
| /* end confdefs.h.  */
| #include <ac_nonexistent.h>
configure:6510: checking for the version of the GNU C compiler
configure:6519: result: 4.8
configure:6522: checking for the version of the GNU C++ compiler
configure:6531: result: 4.8
configure:6620: checking for ar
configure:6636: found /usr/bin/ar
configure:6647: result: ar
configure:6712: checking for ranlib
configure:6728: found /usr/bin/ranlib
configure:6739: result: ranlib
configure:6775: checking whether to compile with debugging
configure:6777: result: yes
configure:6796: checking whether to compile with memory debugging
configure:6798: result: no
configure:6817: checking whether to compile with lock debugging
configure:6819: result: no
configure:6838: checking whether to compile with log_debug enabled
configure:6840: result: no
configure:6860: checking whether to compile with optimization
configure:6862: result: yes
configure:6883: checking whether to compile with profiling
configure:6885: result: no
configure:6902: checking whether to link statically
configure:6904: result: no
configure:6915: checking whether to link using static external libraries
configure:6917: result: no
configure:6929: checking whether to try to build shared libraries
configure:6944: result: yes
configure:6955: checking whether the compiler supports -fPIC
configure:6961: g++ -c -g -O2  conftest.cpp >&5
configure:6961: $? = 0
configure:6967: result: yes
configure:6973: checking whether the compiler can link a dynamic library with -shared
configure:6980: g++ -o conftest -g -O2  -shared  conftest.cpp  >&5
configure:6980: $? = 0
configure:6987: result: yes
configure:6995: checking extension for dynamic libraries
configure:7007: result: so
configure:7010: checking if the compiler supports -Wl,--rpath=.
configure:7017: g++ -o conftest -g -O2  -shared  -Wl,-rpath=/foo conftest.cpp  >&5
configure:7017: $? = 0
configure:7024: result: yes
configure:7246: creating ./config.status

## ---------------------- ##
## Running config.status. ##
## ---------------------- ##

This file was extended by config.status, which was
generated by GNU Autoconf 2.69.  Invocation command line was

  CONFIG_FILES    = 
  CONFIG_HEADERS  = 
  CONFIG_LINKS    = 
  CONFIG_COMMANDS = 
  $ ./config.status 

on pdsmdv01

config.status:857: creating Rules.make
config.status:857: creating System.make
config.status:857: creating servlib/ipnd.make
config.status:857: creating servlib/dtpc.make
config.status:857: creating dtn-config.h

## ---------------- ##
## Cache variables. ##
## ---------------- ##

ac_cv_c_compiler_gnu=yes
ac_cv_cxx_compiler_gnu=yes
ac_cv_env_CCC_set=
ac_cv_env_CCC_value=
ac_cv_env_CC_set=
ac_cv_env_CC_value=
ac_cv_env_CFLAGS_set=
ac_cv_env_CFLAGS_value=
ac_cv_env_CPPFLAGS_set=
ac_cv_env_CPPFLAGS_value=
ac_cv_env_CPP_set=
ac_cv_env_CPP_value=
ac_cv_env_CXXCPP_set=
ac_cv_env_CXXCPP_value=
ac_cv_env_CXXFLAGS_set=
ac_cv_env_CXXFLAGS_value=
ac_cv_env_CXX_set=
ac_cv_env_CXX_value=
ac_cv_env_LDFLAGS_set=
ac_cv_env_LDFLAGS_value=
ac_cv_env_LIBS_set=
ac_cv_env_LIBS_value=
ac_cv_env_build_alias_set=
ac_cv_env_build_alias_value=
ac_cv_env_host_alias_set=
ac_cv_env_host_alias_value=
ac_cv_env_target_alias_set=
ac_cv_env_target_alias_value=
ac_cv_header_dns_sd_h=no
ac_cv_header_inttypes_h=yes
ac_cv_header_memory_h=yes
ac_cv_header_stdc=yes
ac_cv_header_stdint_h=yes
ac_cv_header_stdlib_h=yes
ac_cv_header_string_h=yes
ac_cv_header_strings_h=yes
ac_cv_header_sys_stat_h=yes
ac_cv_header_sys_types_h=yes
ac_cv_header_unistd_h=yes
ac_cv_objext=o
ac_cv_path_EGREP='/usr/bin/grep -E'
ac_cv_path_GREP=/usr/bin/grep
ac_cv_prog_CPP='gcc -E'
ac_cv_prog_CXXCPP='g++ -E'
ac_cv_prog_ac_ct_AR=ar
ac_cv_prog_ac_ct_CC=gcc
ac_cv_prog_ac_ct_CXX=g++
ac_cv_prog_ac_ct_RANLIB=ranlib
ac_cv_prog_cc_c89=
ac_cv_prog_cc_g=yes
ac_cv_prog_cxx_g=yes
ac_cv_search_DNSServiceRegister=no
oasys_cv_prog_gccver=4.8
oasys_cv_prog_gxxver=4.8

## ----------------- ##
## Output variables. ##
## ----------------- ##

AR='ar'
BBN_IPND_ENABLED='0'
BUILDDIR='/data04/DTN/DTNME_Copy/dtnme'
BUILD_SYSTEM='Linux'
CC='gcc'
CFLAGS='-g -O2'
CPP='gcc -E'
CPPFLAGS=''
CXX='g++'
CXXCPP='g++ -E'
CXXFLAGS='-g -O2'
DEBUG='-g -fno-inline'
DEFS='-DHAVE_CONFIG_H'
DEPFLAGS='-MMD -MP -MT "$*.o $*.E"'
DTPC_ENABLED=''
ECHO_C=''
ECHO_N='-n'
ECHO_T=''
EGREP='/usr/bin/grep -E'
ENABLE_SCRIPT_APIS=''
EXEEXT=''
EXTLIB_CFLAGS=''
EXTLIB_LDFLAGS=''
EXTRA_CFLAGS='-O0 -ggdb3'
EXTRA_CXXFLAGS='-std=c++11 -O0 -ggdb3'
EXTRA_LDFLAGS=''
GREP='/usr/bin/grep'
INCFLAGS='-I$(OASYS_INCDIR)/oasys/ext -I$(SRCDIR)/servlib'
LDFLAGS=''
LDFLAGS_SHLIB='-shared -fPIC -DPIC'
LIBOBJS=''
LIBS=''
LTLIBOBJS=''
OASYS_COMPAT_LDFLAGS='/data04/DTN/DTNME_Copy/dtnme/oasys/lib/liboasyscompat-1.6.msfc20200224.a'
OASYS_ETCDIR='/data04/DTN/DTNME_Copy/dtnme/oasys/share'
OASYS_INCDIR='/data04/DTN/DTNME_Copy/dtnme/oasys/include'
OASYS_LDFLAGS='/data04/DTN/DTNME_Copy/dtnme/oasys/lib/liboasys-1.6.msfc20200224.a'
OASYS_LDFLAGS_STATIC='/data04/DTN/DTNME_Copy/dtnme/oasys/lib/liboasys-1.6.msfc20200224.a'
OASYS_LIBDIR='/data04/DTN/DTNME_Copy/dtnme/oasys/lib'
OASYS_VERSION='1.6.msfc20200224'
OBJEXT='o'
OPTIMIZE='-O2 -fno-strict-aliasing'
OPTIMIZE_WARN='-Wuninitialized'
PACKAGE_BUGREPORT=''
PACKAGE_NAME=''
PACKAGE_STRING=''
PACKAGE_TARNAME=''
PACKAGE_URL=''
PACKAGE_VERSION=''
PATH_SEPARATOR=':'
PICFLAGS='-fPIC -DPIC'
PROFILE=''
RANLIB='ranlib'
RPATH='-Wl,-rpath=. -Wl,-rpath=$(prefix)/lib'
SHELL='/bin/sh'
SHLIBS='yes'
SHLIB_EXT='so'
SRCDIR='/data04/DTN/DTNME_Copy/dtnme'
STATIC='no'
SYS_EXTLIB_CFLAGS=''
SYS_EXTLIB_LDFLAGS=''
TARGET='native'
ac_ct_CC='gcc'
ac_ct_CXX='g++'
bindir='${exec_prefix}/bin'
build_alias=''
datadir='${datarootdir}'
datarootdir='${prefix}/share'
docdir='${datarootdir}/doc/${PACKAGE}'
dvidir='${docdir}'
exec_prefix='${prefix}'
host_alias=''
htmldir='${docdir}'
includedir='${prefix}/include'
infodir='${datarootdir}/info'
libdir='${exec_prefix}/lib'
libexecdir='${exec_prefix}/libexec'
localedir='${datarootdir}/locale'
localstatedir='/var'
mandir='${datarootdir}/man'
oldincludedir='/usr/include'
pdfdir='${docdir}'
prefix='/usr'
program_transform_name='s,x,x,'
psdir='${docdir}'
sbindir='${exec_prefix}/sbin'
sharedstatedir='${prefix}/com'
sysconfdir='/etc'
target_alias=''

## ----------- ##
## confdefs.h. ##
## ----------- ##

/* confdefs.h */
#define PACKAGE_NAME ""
#define PACKAGE_TARNAME ""
#define PACKAGE_VERSION ""
#define PACKAGE_STRING ""
#define PACKAGE_BUGREPORT ""
#define PACKAGE_URL ""
#define DTN_CONFIG_STATE 1
#define INSTALL_SYSCONFDIR "/etc"
#define INSTALL_LOCALSTATEDIR "/var"
#define STDC_HEADERS 1
#define HAVE_SYS_TYPES_H 1
#define HAVE_SYS_STAT_H 1
#define HAVE_STDLIB_H 1
#define HAVE_STRING_H 1
#define HAVE_MEMORY_H 1
#define HAVE_STRINGS_H 1
#define HAVE_INTTYPES_H 1
#define HAVE_STDINT_H 1
#define HAVE_UNISTD_H 1
#define LTPUDP_ENABLED 1
#define ACS_ENABLED 1
#define BUNDLEID_SIZE 64
#define bundleid_t u_int64_t
#define BUNDLE_ID_MAX __UINT64_C(0xffffffffffffffff)
#define BUNDLE_ID_MAX64 BUNDLE_ID_MAX
#define PRIbid PRIu64
#define ECOS_ENABLED 1

configure: exit 0
